
========================[ Mar 25, 2025 10:17 AM ]========================
Version 2.2.21 [Jun-14-2009]
Started database file ".\lib\bin\tmp\~tgioygyiey.fa"
Formatted 1 sequences in volume 0
SUCCESS: formatted database .\lib\bin\~tgioygyiey

========================[ Mar 25, 2025 10:18 AM ]========================
Version 2.2.21 [Jun-14-2009]
Started database file ".\lib\bin\tmp\~tgioygyiey.fa"
Formatted 1 sequences in volume 0
SUCCESS: formatted database .\lib\bin\~tgioygyiey

========================[ Mar 25, 2025 10:33 AM ]========================
Version 2.2.21 [Jun-14-2009]
Started database file ".\lib\bin\tmp\~olpgjkxolw.fa"
Formatted 1 sequences in volume 0
SUCCESS: formatted database .\lib\bin\~olpgjkxolw

========================[ Mar 25, 2025 10:33 AM ]========================
Version 2.2.21 [Jun-14-2009]
Started database file ".\lib\bin\tmp\~olpgjkxolw.fa"
Formatted 1 sequences in volume 0
SUCCESS: formatted database .\lib\bin\~olpgjkxolw

========================[ Mar 25, 2025 10:33 AM ]========================
Version 2.2.21 [Jun-14-2009]
Started database file ".\lib\bin\tmp\~olpgjkxolw.fa"
Formatted 1 sequences in volume 0
SUCCESS: formatted database .\lib\bin\~olpgjkxolw

========================[ Mar 25, 2025 10:34 AM ]========================
Version 2.2.21 [Jun-14-2009]
Started database file ".\lib\bin\tmp\~aefyqltuvf.fa"
Formatted 1 sequences in volume 0
SUCCESS: formatted database .\lib\bin\~aefyqltuvf
